<?xml version="1.0" encoding="UTF-8"?>
<testsuite name="co7217.dsl.k8s.tests.DeploymentParsingTest" tests="1" skipped="0" failures="0" errors="0" timestamp="2021-12-18T02:57:09" hostname="L2-ACER" time="0.022">
  <properties/>
  <testcase name="loadModel()" classname="co7217.dsl.k8s.tests.DeploymentParsingTest" time="0.022"/>
  <system-out><![CDATA[]]></system-out>
  <system-err><![CDATA[]]></system-err>
</testsuite>
